0 info it worked if it ends with ok
1 verbose cli [ '/home/venktesh/.nvm/versions/node/v6.10.3/bin/node',
1 verbose cli   '/home/venktesh/.nvm/versions/node/v6.10.3/bin/npm',
1 verbose cli   'start' ]
2 info using npm@3.10.10
3 info using node@v6.10.3
4 verbose run-script [ 'prestart', 'start', 'poststart' ]
5 info lifecycle footballers.Web@1.0.0~prestart: footballers.Web@1.0.0
6 silly lifecycle footballers.Web@1.0.0~prestart: no script for prestart, continuing
7 info lifecycle footballers.Web@1.0.0~start: footballers.Web@1.0.0
8 verbose lifecycle footballers.Web@1.0.0~start: unsafe-perm in lifecycle true
9 verbose lifecycle footballers.Web@1.0.0~start: PATH: /home/venktesh/.nvm/versions/node/v6.10.3/lib/node_modules/npm/bin/node-gyp-bin:/home/venktesh/gyanmatrix-frontend/frontend/node_modules/.bin:/home/venktesh/.nvm/versions/node/v6.10.3/bin:/home/venktesh/.local/share/umake/bin:/home/venktesh/bin:/home/venktesh/.local/bin:/usr/local/sbin:/usr/local/bin:/usr/sbin:/usr/bin:/sbin:/bin:/usr/games:/usr/local/games:/snap/bin
10 verbose lifecycle footballers.Web@1.0.0~start: CWD: /home/venktesh/gyanmatrix-frontend/frontend
11 silly lifecycle footballers.Web@1.0.0~start: Args: [ '-c', 'npm-run-all -p -r build-dev server' ]
12 silly lifecycle footballers.Web@1.0.0~start: Returned: code: 1  signal: null
13 info lifecycle footballers.Web@1.0.0~start: Failed to exec start script
14 verbose stack Error: footballers.Web@1.0.0 start: `npm-run-all -p -r build-dev server`
14 verbose stack Exit status 1
14 verbose stack     at EventEmitter.<anonymous> (/home/venktesh/.nvm/versions/node/v6.10.3/lib/node_modules/npm/lib/utils/lifecycle.js:255:16)
14 verbose stack     at emitTwo (events.js:106:13)
14 verbose stack     at EventEmitter.emit (events.js:191:7)
14 verbose stack     at ChildProcess.<anonymous> (/home/venktesh/.nvm/versions/node/v6.10.3/lib/node_modules/npm/lib/utils/spawn.js:40:14)
14 verbose stack     at emitTwo (events.js:106:13)
14 verbose stack     at ChildProcess.emit (events.js:191:7)
14 verbose stack     at maybeClose (internal/child_process.js:886:16)
14 verbose stack     at Process.ChildProcess._handle.onexit (internal/child_process.js:226:5)
15 verbose pkgid footballers.Web@1.0.0
16 verbose cwd /home/venktesh/gyanmatrix-frontend/frontend
17 error Linux 4.13.0-43-generic
18 error argv "/home/venktesh/.nvm/versions/node/v6.10.3/bin/node" "/home/venktesh/.nvm/versions/node/v6.10.3/bin/npm" "start"
19 error node v6.10.3
20 error npm  v3.10.10
21 error code ELIFECYCLE
22 error footballers.Web@1.0.0 start: `npm-run-all -p -r build-dev server`
22 error Exit status 1
23 error Failed at the footballers.Web@1.0.0 start script 'npm-run-all -p -r build-dev server'.
23 error Make sure you have the latest version of node.js and npm installed.
23 error If you do, this is most likely a problem with the footballers.Web package,
23 error not with npm itself.
23 error Tell the author that this fails on your system:
23 error     npm-run-all -p -r build-dev server
23 error You can get information on how to open an issue for this project with:
23 error     npm bugs footballers.Web
23 error Or if that isn't available, you can get their info via:
23 error     npm owner ls footballers.Web
23 error There is likely additional logging output above.
24 verbose exit [ 1, true ]
